Arguments: 
  C:\Program Files\nodejs\node.exe C:\Program Files (x86)\Yarn\bin\yarn.js add cors

PATH: 
  C:\WINDOWS\system32;C:\WINDOWS;C:\WINDOWS\System32\Wbem;C:\WINDOWS\System32\WindowsPowerShell\v1.0\;C:\Program Files (x86)\Yarn\bin\;C:\Program Files\Git\cmd;C:\Program Files\nodejs\;C:\WINDOWS\System32\OpenSSH\;C:\Users\development\AppData\Local\Microsoft\WindowsApps;C:\Users\development\AppData\Local\Yarn\bin;C:\Users\development\AppData\Local\Programs\Microsoft VS Code\bin;C:\Users\development\AppData\Roaming\npm;

Yarn version: 
  1.22.5

Node version: 
  14.15.4

Platform: 
  win32 x64

Trace: 
  Error: EPERM: operation not permitted, unlink 'C:\Users\development\Desktop\josebek store\backend\node_modules\bcrypt\lib\binding\napi-v3\bcrypt_lib.node'

npm manifest: 
  {
    "name": "backend",
    "version": "1.0.0",
    "description": "My ecommerce store",
    "main": "\u001b[A\u001b[D\u001b[D\u001b[D\u001b[D\u001b[D\u001b[D\u001b[D\u001b[D\u001b[D\u001b[D\u001b[C \u001b[C\u001b[C\u001b[C\u001b[C\u001b[C\u001b[C\u001b[C\u001b[C\u001b[C\u001b[ eccommerce backend",
    "scripts": {
      "start": "nodemon ./src/index.server.js"
    },
    "keywords": [
      "ecommerce",
      "mern",
      "josebek"
    ],
    "author": "joshua ayomide",
    "license": "ISC",
    "dependencies": {
      "bcrypt": "^5.0.1",
      "body-parser": "^1.19.0",
      "dotenv": "^8.2.0",
      "express": "^4.17.1",
      "express-validator": "^6.10.0",
      "jsonwebtoken": "^8.5.1",
      "mongoose": "^5.12.0",
      "multer": "^1.4.2",
      "shortid": "^2.2.16"
    },
    "devDependencies": {
      "nodemon": "^2.0.7"
    }
  }

yarn manifest: 
  No manifest

Lockfile: 
  No lockfile
